<?xml version="1.0" encoding="UTF-8"?>
<testng-results skipped="0" failed="0" ignored="0" total="1" passed="1">
  <reporter-output>
  </reporter-output>
  <suite name="Suite" duration-ms="33118" started-at="2019-11-12T06:55:44Z" finished-at="2019-11-12T06:56:17Z">
    <groups>
    </groups>
    <test name="Test" duration-ms="33118" started-at="2019-11-12T06:55:44Z" finished-at="2019-11-12T06:56:17Z">
      <class name="Maven.MavenGmail.Testcases">
        <test-method status="PASS" signature="beforeClass()[pri:0, instance:Maven.MavenGmail.Testcases@d80b78]" name="beforeClass" is-config="true" duration-ms="15459" started-at="2019-11-12T06:55:44Z" finished-at="2019-11-12T06:56:00Z">
          <reporter-output>
          </reporter-output>
        </test-method> <!-- beforeClass -->
        <test-method status="PASS" signature="registration()[pri:0, instance:Maven.MavenGmail.Testcases@d80b78]" name="registration" duration-ms="17634" started-at="2019-11-12T06:56:00Z" finished-at="2019-11-12T06:56:17Z">
          <reporter-output>
          </reporter-output>
        </test-method> <!-- registration -->
      </class> <!-- Maven.MavenGmail.Testcases -->
    </test> <!-- Test -->
  </suite> <!-- Suite -->
</testng-results>
